09/Apr/2022:10:33:32 438 [Calculator.java] [INFO] Calculator Calculating Square Root of : 4.0
 Result : 2.0
09/Apr/2022:10:33:41 826 [Calculator.java] [INFO] Calculator Factorial of the number : 5.0
 Result is : 120.0
09/Apr/2022:10:33:48 037 [Calculator.java] [INFO] Calculator Calculating Natural Logarithm of : 6.0
 Result : 1.791759469228055
09/Apr/2022:10:33:56 500 [Calculator.java] [INFO] Calculator Power : 3.0^3.0/n Result : 27.0
09/Apr/2022:10:34:04 196 [Calculator.java] [INFO] Calculator Calculating Square Root of : 16.0
 Result : 4.0
09/Apr/2022:10:34:09 715 [Calculator.java] [INFO] Calculator Calculating Square Root of : 25.0
 Result : 5.0
09/Apr/2022:10:34:13 558 [Calculator.java] [INFO] Calculator Calculating Square Root of : 64.0
 Result : 8.0
09/Apr/2022:10:35:29 444 [Calculator.java] [INFO] Calculator Calculating Square Root of : 0.0
 Result : 0.0
09/Apr/2022:10:35:36 742 [Calculator.java] [INFO] Calculator Calculating Square Root of : -26.0
 Result : NaN
09/Apr/2022:10:35:50 712 [Calculator.java] [INFO] Calculator Calculating Square Root of : -100.0
 Result : NaN
09/Apr/2022:10:36:14 729 [Calculator.java] [INFO] Calculator Calculating Square Root of : 900.0
 Result : 30.0
09/Apr/2022:10:36:40 579 [Calculator.java] [INFO] Calculator Power : 0.0^0.0/n Result : 1.0
09/Apr/2022:10:36:40 623 [Calculator.java] [INFO] Calculator Power : 2.0^-3.0/n Result : 0.125
09/Apr/2022:10:36:40 649 [Calculator.java] [INFO] Calculator Factorial of the number : 5.0
 Result is : 120.0
09/Apr/2022:10:36:40 651 [Calculator.java] [INFO] Calculator Factorial of negative number is not possible!
09/Apr/2022:10:36:40 655 [Calculator.java] [INFO] Calculator Factorial of the number : 0.0
 Result is : 1.0
09/Apr/2022:10:36:40 659 [Calculator.java] [INFO] Calculator Factorial of negative number is not possible!
09/Apr/2022:10:36:40 662 [Calculator.java] [INFO] Calculator Factorial of the number : 36.0
 Result is : 3.719933267899012E41
09/Apr/2022:10:36:40 668 [Calculator.java] [INFO] Calculator Calculating Natural Logarithm of : 10.0
 Result : 2.302585092994046
09/Apr/2022:10:36:40 670 [Calculator.java] [INFO] Calculator Calculating Natural Logarithm of : -25.0
 Result : NaN
09/Apr/2022:10:36:40 682 [Calculator.java] [INFO] Calculator Calculating Natural Logarithm of : -24.0
 Result : NaN
09/Apr/2022:10:36:40 685 [Calculator.java] [INFO] Calculator Calculating Natural Logarithm of : 36.0
 Result : 3.58351893845611
09/Apr/2022:10:36:40 697 [Calculator.java] [INFO] Calculator Calculating Square Root of : 25.0
 Result : 5.0
09/Apr/2022:10:36:40 704 [Calculator.java] [INFO] Calculator Calculating Square Root of : -25.0
 Result : NaN
09/Apr/2022:10:36:40 705 [Calculator.java] [INFO] Calculator Calculating Square Root of : 0.0
 Result : 0.0
09/Apr/2022:10:36:40 710 [Calculator.java] [INFO] Calculator Calculating Square Root of : 16.0
 Result : 4.0
09/Apr/2022:10:36:40 722 [Calculator.java] [INFO] Calculator Calculating Square Root of : -16.0
 Result : NaN
09/Apr/2022:10:36:40 723 [Calculator.java] [INFO] Calculator Calculating Square Root of : 0.0
 Result : 0.0
09/Apr/2022:10:36:40 724 [Calculator.java] [INFO] Calculator Power : 2.0^3.0/n Result : 8.0
09/Apr/2022:10:36:40 725 [Calculator.java] [INFO] Calculator Power : 2.0^-3.0/n Result : 0.125
09/Apr/2022:10:36:40 726 [Calculator.java] [INFO] Calculator Power : 0.0^0.0/n Result : 1.0
